[debug] [2021-01-19T16:00:44.113Z] ----------------------------------------------------------------------
[debug] [2021-01-19T16:00:44.117Z] Command:       C:\Program Files\nodejs\node.exe C:\Users\Harsh\AppData\Roaming\npm\node_modules\firebase-tools\lib\bin\firebase.js init hosting
[debug] [2021-01-19T16:00:44.118Z] CLI Version:   9.2.1
[debug] [2021-01-19T16:00:44.118Z] Platform:      win32
[debug] [2021-01-19T16:00:44.119Z] Node Version:  v14.15.1
[debug] [2021-01-19T16:00:44.120Z] Time:          Tue Jan 19 2021 21:30:44 GMT+0530 (India Standard Time)
[debug] [2021-01-19T16:00:44.121Z] ----------------------------------------------------------------------
[debug] [2021-01-19T16:00:44.121Z] 
[debug] [2021-01-19T16:00:44.153Z] > command requires scopes: ["email","openid","https://www.googleapis.com/auth/cloudplatformprojects.readonly","https://www.googleapis.com/auth/firebase","https://www.googleapis.com/auth/cloud-platform"]
[debug] [2021-01-19T16:00:44.154Z] > authorizing via signed-in user
[info] 
     ######## #### ########  ######## ########     ###     ######  ########
     ##        ##  ##     ## ##       ##     ##  ##   ##  ##       ##
     ######    ##  ########  ######   ########  #########  ######  ######
     ##        ##  ##    ##  ##       ##     ## ##     ##       ## ##
     ##       #### ##     ## ######## ########  ##     ##  ######  ########

You're about to initialize a Firebase project in this directory:

  E:\project\sportfolio

Before we get started, keep in mind:

  * You are initializing in an existing Firebase project directory

[info] 
=== Project Setup
[info] 
[info] First, let's associate this project directory with a Firebase project.
[info] You can create multiple project aliases by running firebase use --add, 
[info] but for now we'll just set up a default project.
[info] 
[info] i  .firebaserc already has a default project, using sportfolio-2b756. 
[debug] [2021-01-19T16:00:56.410Z] > refreshing access token with scopes: []
[debug] [2021-01-19T16:00:56.411Z] >>> HTTP REQUEST POST https://www.googleapis.com/oauth2/v3/token  
 <request body omitted>
[debug] [2021-01-19T16:00:56.861Z] <<< HTTP RESPONSE 200 {"cache-control":"no-cache, no-store, max-age=0, must-revalidate","expires":"Mon, 01 Jan 1990 00:00:00 GMT","pragma":"no-cache","date":"Tue, 19 Jan 2021 16:00:51 GMT","content-type":"application/json; charset=utf-8","vary":"X-Origin, Referer, Origin,Accept-Encoding","server":"scaffolding on HTTPServer2","x-xss-protection":"0","x-frame-options":"SAMEORIGIN","x-content-type-options":"nosniff","alt-svc":"h3-29=\":443\"; ma=2592000,h3-T051=\":443\"; ma=2592000,h3-Q050=\":443\"; ma=2592000,h3-Q046=\":443\"; ma=2592000,h3-Q043=\":443\"; ma=2592000,quic=\":443\"; ma=2592000; v=\"46,43\"","accept-ranges":"none","transfer-encoding":"chunked"}
[debug] [2021-01-19T16:00:56.912Z] >>> [apiv2][query] GET https://firebase.googleapis.com/v1beta1/projects/sportfolio-2b756 [none]
[debug] [2021-01-19T16:00:57.604Z] <<< [apiv2][status] GET https://firebase.googleapis.com/v1beta1/projects/sportfolio-2b756 200
[debug] [2021-01-19T16:00:57.605Z] <<< [apiv2][body] GET https://firebase.googleapis.com/v1beta1/projects/sportfolio-2b756 {"projectId":"sportfolio-2b756","projectNumber":"340828918261","displayName":"Sportfolio","name":"projects/sportfolio-2b756","resources":{"hostingSite":"sportfolio-2b756","realtimeDatabaseInstance":"sportfolio-2b756-default-rtdb","storageBucket":"sportfolio-2b756.appspot.com","locationId":"asia-northeast2"},"state":"ACTIVE"}
[info] 
=== Hosting Setup
[info] 
[info] Your public directory is the folder (relative to your project directory) that
[info] will contain Hosting assets to be uploaded with firebase deploy. If you
[info] have a build process for your assets, use your build's output directory.
[info] 
